INFO: [VRFC 10-2263] Analyzing SystemVerilog file "D:/chipwhisperer-ML/interface_BNN_01/interface_BNN_01.srcs/sources_1/imports/hardware/signal_proc/LCD_Controller.sv" into library xil_defaultlib
INFO: [VRFC 10-311] analyzing module LCD_Controller
INFO: [VRFC 10-2263] Analyzing SystemVerilog file "D:/chipwhisperer-ML/interface_BNN_01/interface_BNN_01.srcs/sources_1/imports/hardware/EEESlab/src/bconv_layer.sv" into library xil_defaultlib
INFO: [VRFC 10-311] analyzing module bconv_layer
INFO: [VRFC 10-2263] Analyzing SystemVerilog file "D:/chipwhisperer-ML/interface_BNN_01/interface_BNN_01.srcs/sources_1/imports/hardware/EEESlab/src/blast_layer.sv" into library xil_defaultlib
INFO: [VRFC 10-311] analyzing module blast_layer
INFO: [VRFC 10-2263] Analyzing SystemVerilog file "D:/chipwhisperer-ML/interface_BNN_01/interface_BNN_01.srcs/sources_1/imports/hardware/EEESlab/src/blin_layer.sv" into library xil_defaultlib
INFO: [VRFC 10-311] analyzing module blin_layer
INFO: [VRFC 10-2263] Analyzing SystemVerilog file "D:/chipwhisperer-ML/interface_BNN_01/interface_BNN_01.srcs/sources_1/imports/hardware/EEESlab/src/bnn.sv" into library xil_defaultlib
INFO: [VRFC 10-311] analyzing module bnn
INFO: [VRFC 10-2263] Analyzing SystemVerilog file "D:/chipwhisperer-ML/interface_BNN_01/interface_BNN_01.srcs/sources_1/imports/hardware/EEESlab/src/bview_layer.sv" into library xil_defaultlib
INFO: [VRFC 10-311] analyzing module bview_layer
INFO: [VRFC 10-2263] Analyzing SystemVerilog file "D:/chipwhisperer-ML/interface_BNN_01/interface_BNN_01.srcs/sources_1/imports/hardware/EEESlab/src/data.sv" into library xil_defaultlib
INFO: [VRFC 10-311] analyzing module parameters
INFO: [VRFC 10-2263] Analyzing SystemVerilog file "D:/chipwhisperer-ML/interface_BNN_01/interface_BNN_01.srcs/sources_1/imports/hardware/signal_proc/decoder.sv" into library xil_defaultlib
INFO: [VRFC 10-311] analyzing module image_stream_decoder
INFO: [VRFC 10-311] analyzing module flopenr
INFO: [VRFC 10-2263] Analyzing SystemVerilog file "D:/chipwhisperer-ML/interface_BNN_01/interface_BNN_01.srcs/sources_1/imports/hardware/EEESlab/src/popcnt.sv" into library xil_defaultlib
INFO: [VRFC 10-311] analyzing module popcnt_hw
INFO: [VRFC 10-2263] Analyzing SystemVerilog file "D:/chipwhisperer-ML/interface_BNN_01/interface_BNN_01.srcs/sources_1/imports/hardware/EEESlab/src/top.sv" into library xil_defaultlib
INFO: [VRFC 10-311] analyzing module top
INFO: [VRFC 10-2263] Analyzing SystemVerilog file "D:/chipwhisperer-ML/interface_BNN_01/interface_BNN_01.srcs/sources_1/new/cw305_top.sv" into library xil_defaultlib
INFO: [VRFC 10-311] analyzing module cw305_top
INFO: [VRFC 10-2263] Analyzing Verilog file "D:/chipwhisperer-ML/interface_BNN_01/interface_BNN_01.sim/sim_1/behav/xsim/glbl.v" into library xil_defaultlib
INFO: [VRFC 10-311] analyzing module glbl
