Copyright 1986-2022 Xilinx, Inc. All Rights Reserved.
---------------------------------------------------------------------------------------------------------------------------
| Tool Version : Vivado v.2022.1.2 (lin64) Build 3605665 Fri Aug  5 22:52:02 MDT 2022
| Date         : Thu Dec 29 19:55:24 2022
| Host         : bnn.atrc.okstate.edu running 64-bit Ubuntu 22.04.1 LTS
| Command      : report_drc -file cw305_ml_top_drc_opted.rpt -pb cw305_ml_top_drc_opted.pb -rpx cw305_ml_top_drc_opted.rpx
| Design       : cw305_ml_top
| Device       : xc7a100tftg256-2
| Speed File   : -2
| Design State : Fully Routed
---------------------------------------------------------------------------------------------------------------------------

Report DRC

Table of Contents
-----------------
1. REPORT SUMMARY
2. REPORT DETAILS

1. REPORT SUMMARY
-----------------
            Netlist: netlist
          Floorplan: design_1
      Design limits: <entire design considered>
           Ruledeck: default
             Max violations: <unlimited>
             Violations found: 9
+--------+----------+------------------------------------------------+------------+
| Rule   | Severity | Description                                    | Violations |
+--------+----------+------------------------------------------------+------------+
| PLIO-3 | Warning  | Placement Constraints Check for IO constraints | 1          |
| RPBF-3 | Warning  | IO port buffering is incomplete                | 8          |
+--------+----------+------------------------------------------------+------------+

2. REPORT DETAILS
-----------------
PLIO-3#1 Warning
Placement Constraints Check for IO constraints  
Partially locked IO Bus is found. Following components of the IO Bus usb_addr[20:0] are not locked:  usb_addr[17] usb_addr[16] usb_addr[13] usb_addr[12] usb_addr[11] usb_addr[9] usb_addr[8] usb_addr[6] usb_addr[5] usb_addr[2] usb_addr[1] usb_addr[0]
Related violations: <none>

RPBF-3#1 Warning
IO port buffering is incomplete  
Device port usb_data[0] expects both input and output buffering but the buffers are incomplete.
Related violations: <none>

RPBF-3#2 Warning
IO port buffering is incomplete  
Device port usb_data[1] expects both input and output buffering but the buffers are incomplete.
Related violations: <none>

RPBF-3#3 Warning
IO port buffering is incomplete  
Device port usb_data[2] expects both input and output buffering but the buffers are incomplete.
Related violations: <none>

RPBF-3#4 Warning
IO port buffering is incomplete  
Device port usb_data[3] expects both input and output buffering but the buffers are incomplete.
Related violations: <none>

RPBF-3#5 Warning
IO port buffering is incomplete  
Device port usb_data[4] expects both input and output buffering but the buffers are incomplete.
Related violations: <none>

RPBF-3#6 Warning
IO port buffering is incomplete  
Device port usb_data[5] expects both input and output buffering but the buffers are incomplete.
Related violations: <none>

RPBF-3#7 Warning
IO port buffering is incomplete  
Device port usb_data[6] expects both input and output buffering but the buffers are incomplete.
Related violations: <none>

RPBF-3#8 Warning
IO port buffering is incomplete  
Device port usb_data[7] expects both input and output buffering but the buffers are incomplete.
Related violations: <none>


